Using pre-set license
Built from '2020.3/staging' branch; Version is '2020.3.8f1 (507919d4fff5) revision 5273881'; Using compiler version '192528614'; Build Type 'Release'
OS: 'Windows 10 Home; OS build 19041.985; Version 2004; 64bit' Language: 'ko' Physical Memory: 16270 MB
BatchMode: 1, IsHumanControllingUs: 0, StartBugReporterOnCrash: 0, Is64bit: 1, IsPro: 0

 COMMAND LINE ARGUMENTS:
C:\Program Files\Unity\Hub\Editor\2020.3.8f1\Editor\Unity.exe
-adb2
-batchMode
-noUpm
-name
AssetImportWorker1
-projectPath
D:/programming2021/ZZ_2DPlatform/2D_Platform_example
-logFile
Logs/AssetImportWorker1.log
-srvPort
52771
Successfully changed project path to: D:/programming2021/ZZ_2DPlatform/2D_Platform_example
D:/programming2021/ZZ_2DPlatform/2D_Platform_example
Using Asset Import Pipeline V2.
Refreshing native plugins compatible for Editor in 83.84 ms, found 1 plugins.
Preloading 0 native plugins for Editor in 0.00 ms.
Initialize engine version: 2020.3.8f1 (507919d4fff5)
[Subsystems] Discovering subsystems at path C:/Program Files/Unity/Hub/Editor/2020.3.8f1/Editor/Data/Resources/UnitySubsystems
[Subsystems] Discovering subsystems at path D:/programming2021/ZZ_2DPlatform/2D_Platform_example/Assets
GfxDevice: creating device client; threaded=0
Direct3D:
    Version:  Direct3D 11.0 [level 11.0]
    Renderer: NVIDIA GeForce GTX 950M (ID=0x139a)
    Vendor:   
    VRAM:     2010 MB
    Driver:   24.21.13.9907
Initialize mono
Mono path[0] = 'C:/Program Files/Unity/Hub/Editor/2020.3.8f1/Editor/Data/Managed'
Mono path[1] = 'C:/Program Files/Unity/Hub/Editor/2020.3.8f1/Editor/Data/MonoBleedingEdge/lib/mono/unityjit'
Mono config path = 'C:/Program Files/Unity/Hub/Editor/2020.3.8f1/Editor/Data/MonoBleedingEdge/etc'
Using monoOptions --debugger-agent=transport=dt_socket,embedding=1,server=y,suspend=n,address=127.0.0.1:56052
Begin MonoManager ReloadAssembly
Registering precompiled unity dll's ...
Register platform support module: C:/Program Files/Unity/Hub/Editor/2020.3.8f1/Editor/Data/PlaybackEngines/WebGLSupport/UnityEditor.WebGL.Extensions.dll
Register platform support module: C:/Program Files/Unity/Hub/Editor/2020.3.8f1/Editor/Data/PlaybackEngines/WindowsStandaloneSupport/UnityEditor.WindowsStandalone.Extensions.dll
Registered in 0.007785 seconds.
Native extension for WindowsStandalone target not found
Native extension for WebGL target not found
Refreshing native plugins compatible for Editor in 90.22 ms, found 1 plugins.
Preloading 0 native plugins for Editor in 0.00 ms.
Mono: successfully reloaded assembly
- Completed reload, in  3.115 seconds
Platform modules already initialized, skipping
Registering precompiled user dll's ...
Registered in 0.001713 seconds.
Begin MonoManager ReloadAssembly
Native extension for WindowsStandalone target not found
Native extension for WebGL target not found
Refreshing native plugins compatible for Editor in 80.76 ms, found 1 plugins.
Preloading 0 native plugins for Editor in 0.00 ms.
Mono: successfully reloaded assembly
- Completed reload, in  7.407 seconds
Platform modules already initialized, skipping
========================================================================
Worker process is ready to serve import requests
Launched and connected shader compiler UnityShaderCompiler.exe after 0.21 seconds
Refreshing native plugins compatible for Editor in 0.54 ms, found 1 plugins.
Preloading 0 native plugins for Editor in 0.00 ms.
Unloading 1829 Unused Serialized files (Serialized files now loaded: 0)
System memory in use before: 85.6 MB.
System memory in use after: 85.5 MB.

Unloading 24 unused Assets to reduce memory usage. Loaded Objects now: 2273.
Total: 3.817200 ms (FindLiveObjects: 0.264100 ms CreateObjectMapping: 0.121200 ms MarkObjects: 3.208800 ms  DeleteObjects: 0.221300 ms)

========================================================================
Received Import Request.
  path: Assets/Scenes/Level3.unity
  artifactKey: Guid(948c0c52fb45d7f4597a10bbb3835720) Importer(815301076,1909f56bfc062723c751e8b465ee728b)
Start importing Assets/Scenes/Level3.unity using Guid(948c0c52fb45d7f4597a10bbb3835720) Importer(815301076,1909f56bfc062723c751e8b465ee728b)  -> (artifact id: 'ea242a8054b41e3d2ec50ceba9555dc9') in 0.029623 seconds
  Import took 0.035290 seconds .

========================================================================
Received Import Request.
  Time since last request: 0.000538 seconds.
  path: Assets/Prefebs/LevelStarterPack.prefab
  artifactKey: Guid(18702534736744e4eb0a120f1bbe53f5) Importer(815301076,1909f56bfc062723c751e8b465ee728b)
Start importing Assets/Prefebs/LevelStarterPack.prefab using Guid(18702534736744e4eb0a120f1bbe53f5) Importer(815301076,1909f56bfc062723c751e8b465ee728b)  -> (artifact id: 'd778e06ac453d6bbc464984f3532753d') in 0.522684 seconds
  Import took 0.529022 seconds .

========================================================================
Received Import Request.
  Time since last request: 3.676295 seconds.
  path: Assets/Prefebs/Interative Pieces/Level Exit.prefab
  artifactKey: Guid(70f61b4bba9c35149ae282124103a53f) Importer(815301076,1909f56bfc062723c751e8b465ee728b)
Start importing Assets/Prefebs/Interative Pieces/Level Exit.prefab using Guid(70f61b4bba9c35149ae282124103a53f) Importer(815301076,1909f56bfc062723c751e8b465ee728b)  -> (artifact id: '4fe6c455bba198e64e61fd36a0805822') in 0.077719 seconds
  Import took 0.088045 seconds .

========================================================================
Received Import Request.
  Time since last request: 0.006480 seconds.
  path: Assets/Prefebs/Interative Pieces/Level Exit.prefab
  artifactKey: Guid(70f61b4bba9c35149ae282124103a53f) Importer(815301076,1909f56bfc062723c751e8b465ee728b)
Start importing Assets/Prefebs/Interative Pieces/Level Exit.prefab using Guid(70f61b4bba9c35149ae282124103a53f) Importer(815301076,1909f56bfc062723c751e8b465ee728b)  -> (artifact id: '4fe6c455bba198e64e61fd36a0805822') in 0.030510 seconds
  Import took 0.042174 seconds .

========================================================================
Received Import Request.
  Time since last request: 308.799590 seconds.
  path: ProjectSettings/TagManager.asset
  artifactKey: Guid(00000000000000003000000000000000) Importer(815301076,1909f56bfc062723c751e8b465ee728b)
Start importing ProjectSettings/TagManager.asset using Guid(00000000000000003000000000000000) Importer(815301076,1909f56bfc062723c751e8b465ee728b)  -> (artifact id: 'de088dcad4e38236233728178e336230') in 0.031587 seconds
  Import took 0.042703 seconds .

========================================================================
Received Import Request.
  Time since last request: 355.358348 seconds.
  path: Assets/Prefebs/Dangers/Falling Spin Saw.prefab
  artifactKey: Guid(5bbe92241bb64274dabcfea0fe917f57) Importer(815301076,1909f56bfc062723c751e8b465ee728b)
Start importing Assets/Prefebs/Dangers/Falling Spin Saw.prefab using Guid(5bbe92241bb64274dabcfea0fe917f57) Importer(815301076,1909f56bfc062723c751e8b465ee728b)  -> (artifact id: 'fe8b087fc1c1a37b8a522e4b662ab52a') in 0.047156 seconds
  Import took 0.056677 seconds .

========================================================================
Received Import Request.
  Time since last request: 0.001927 seconds.
  path: Assets/Prefebs/Dangers/Falling Spin Saw.prefab
  artifactKey: Guid(5bbe92241bb64274dabcfea0fe917f57) Importer(815301076,1909f56bfc062723c751e8b465ee728b)
Start importing Assets/Prefebs/Dangers/Falling Spin Saw.prefab using Guid(5bbe92241bb64274dabcfea0fe917f57) Importer(815301076,1909f56bfc062723c751e8b465ee728b)  -> (artifact id: 'fe8b087fc1c1a37b8a522e4b662ab52a') in 0.027610 seconds
  Import took 0.037520 seconds .

========================================================================
Received Import Request.
  Time since last request: 379.029421 seconds.
  path: Assets/Scripts/Boss.cs
  artifactKey: Guid(91759f8125f4eb6489164775411f45ac) Importer(815301076,1909f56bfc062723c751e8b465ee728b)
Start importing Assets/Scripts/Boss.cs using Guid(91759f8125f4eb6489164775411f45ac) Importer(815301076,1909f56bfc062723c751e8b465ee728b)  -> (artifact id: 'e95c3b3a833987a1875f6741bc6ed43b') in 0.083014 seconds
  Import took 0.096421 seconds .

========================================================================
Received Prepare
Registering precompiled user dll's ...
Registered in 0.001746 seconds.
Begin MonoManager ReloadAssembly
Native extension for WindowsStandalone target not found
Native extension for WebGL target not found
Refreshing native plugins compatible for Editor in 0.58 ms, found 1 plugins.
Preloading 0 native plugins for Editor in 0.00 ms.
Mono: successfully reloaded assembly
- Completed reload, in  5.453 seconds
Platform modules already initialized, skipping
Refreshing native plugins compatible for Editor in 0.50 ms, found 1 plugins.
Preloading 0 native plugins for Editor in 0.00 ms.
Unloading 1825 Unused Serialized files (Serialized files now loaded: 0)
System memory in use before: 88.8 MB.
System memory in use after: 88.8 MB.

Unloading 14 unused Assets to reduce memory usage. Loaded Objects now: 2287.
Total: 3.240400 ms (FindLiveObjects: 0.243800 ms CreateObjectMapping: 0.108600 ms MarkObjects: 2.723600 ms  DeleteObjects: 0.162900 ms)

========================================================================
Received Prepare
Registering precompiled user dll's ...
Registered in 0.001752 seconds.
Begin MonoManager ReloadAssembly
Native extension for WindowsStandalone target not found
Native extension for WebGL target not found
Refreshing native plugins compatible for Editor in 0.66 ms, found 1 plugins.
Preloading 0 native plugins for Editor in 0.00 ms.
Mono: successfully reloaded assembly
- Completed reload, in  2.111 seconds
Platform modules already initialized, skipping
Refreshing native plugins compatible for Editor in 0.65 ms, found 1 plugins.
Preloading 0 native plugins for Editor in 0.00 ms.
Unloading 1825 Unused Serialized files (Serialized files now loaded: 0)
System memory in use before: 88.8 MB.
System memory in use after: 88.8 MB.

Unloading 12 unused Assets to reduce memory usage. Loaded Objects now: 2291.
Total: 4.882200 ms (FindLiveObjects: 0.724100 ms CreateObjectMapping: 0.223100 ms MarkObjects: 3.733000 ms  DeleteObjects: 0.200100 ms)

========================================================================
Received Prepare
Registering precompiled user dll's ...
Registered in 0.001948 seconds.
Begin MonoManager ReloadAssembly
Native extension for WindowsStandalone target not found
Native extension for WebGL target not found
Refreshing native plugins compatible for Editor in 0.57 ms, found 1 plugins.
Preloading 0 native plugins for Editor in 0.00 ms.
Mono: successfully reloaded assembly
- Completed reload, in  2.627 seconds
Platform modules already initialized, skipping
Refreshing native plugins compatible for Editor in 0.55 ms, found 1 plugins.
Preloading 0 native plugins for Editor in 0.00 ms.
Unloading 1825 Unused Serialized files (Serialized files now loaded: 0)
System memory in use before: 88.9 MB.
System memory in use after: 88.8 MB.

Unloading 12 unused Assets to reduce memory usage. Loaded Objects now: 2295.
Total: 3.747400 ms (FindLiveObjects: 0.259900 ms CreateObjectMapping: 0.122000 ms MarkObjects: 3.186700 ms  DeleteObjects: 0.177200 ms)

========================================================================
Received Prepare
Registering precompiled user dll's ...
Registered in 0.002272 seconds.
Begin MonoManager ReloadAssembly
Native extension for WindowsStandalone target not found
Native extension for WebGL target not found
Refreshing native plugins compatible for Editor in 0.66 ms, found 1 plugins.
Preloading 0 native plugins for Editor in 0.00 ms.
Mono: successfully reloaded assembly
- Completed reload, in  2.076 seconds
Platform modules already initialized, skipping
Refreshing native plugins compatible for Editor in 0.57 ms, found 1 plugins.
Preloading 0 native plugins for Editor in 0.00 ms.
Unloading 1825 Unused Serialized files (Serialized files now loaded: 0)
System memory in use before: 88.9 MB.
System memory in use after: 88.9 MB.

Unloading 12 unused Assets to reduce memory usage. Loaded Objects now: 2299.
Total: 3.856900 ms (FindLiveObjects: 0.271800 ms CreateObjectMapping: 0.123500 ms MarkObjects: 3.269400 ms  DeleteObjects: 0.190400 ms)

========================================================================
Received Prepare
Registering precompiled user dll's ...
Registered in 0.001809 seconds.
Begin MonoManager ReloadAssembly
Native extension for WindowsStandalone target not found
Native extension for WebGL target not found
Refreshing native plugins compatible for Editor in 0.58 ms, found 1 plugins.
Preloading 0 native plugins for Editor in 0.00 ms.
Mono: successfully reloaded assembly
- Completed reload, in  2.040 seconds
Platform modules already initialized, skipping
Refreshing native plugins compatible for Editor in 0.74 ms, found 1 plugins.
Preloading 0 native plugins for Editor in 0.00 ms.
Unloading 1825 Unused Serialized files (Serialized files now loaded: 0)
System memory in use before: 88.9 MB.
System memory in use after: 88.9 MB.

Unloading 12 unused Assets to reduce memory usage. Loaded Objects now: 2303.
Total: 3.958600 ms (FindLiveObjects: 0.280300 ms CreateObjectMapping: 0.158400 ms MarkObjects: 3.334300 ms  DeleteObjects: 0.183300 ms)

========================================================================
Received Prepare
Registering precompiled user dll's ...
Registered in 0.001984 seconds.
Begin MonoManager ReloadAssembly
Native extension for WindowsStandalone target not found
Native extension for WebGL target not found
Refreshing native plugins compatible for Editor in 0.57 ms, found 1 plugins.
Preloading 0 native plugins for Editor in 0.00 ms.
Mono: successfully reloaded assembly
- Completed reload, in  2.071 seconds
Platform modules already initialized, skipping
Refreshing native plugins compatible for Editor in 2.60 ms, found 1 plugins.
Preloading 0 native plugins for Editor in 0.00 ms.
Unloading 1825 Unused Serialized files (Serialized files now loaded: 0)
System memory in use before: 89.0 MB.
System memory in use after: 88.9 MB.

Unloading 12 unused Assets to reduce memory usage. Loaded Objects now: 2307.
Total: 8.933800 ms (FindLiveObjects: 0.343300 ms CreateObjectMapping: 0.151100 ms MarkObjects: 8.222800 ms  DeleteObjects: 0.213500 ms)

========================================================================
Received Prepare
Registering precompiled user dll's ...
Registered in 0.002182 seconds.
Begin MonoManager ReloadAssembly
Native extension for WindowsStandalone target not found
Native extension for WebGL target not found
Refreshing native plugins compatible for Editor in 0.57 ms, found 1 plugins.
Preloading 0 native plugins for Editor in 0.00 ms.
Mono: successfully reloaded assembly
- Completed reload, in  2.018 seconds
Platform modules already initialized, skipping
Refreshing native plugins compatible for Editor in 0.56 ms, found 1 plugins.
Preloading 0 native plugins for Editor in 0.00 ms.
Unloading 1825 Unused Serialized files (Serialized files now loaded: 0)
System memory in use before: 89.0 MB.
System memory in use after: 88.9 MB.

Unloading 12 unused Assets to reduce memory usage. Loaded Objects now: 2311.
Total: 4.551400 ms (FindLiveObjects: 0.291600 ms CreateObjectMapping: 0.156500 ms MarkObjects: 3.920300 ms  DeleteObjects: 0.181200 ms)

========================================================================
Received Prepare
Registering precompiled user dll's ...
Registered in 0.001767 seconds.
Begin MonoManager ReloadAssembly
Native extension for WindowsStandalone target not found
Native extension for WebGL target not found
Refreshing native plugins compatible for Editor in 0.61 ms, found 1 plugins.
Preloading 0 native plugins for Editor in 0.00 ms.
Mono: successfully reloaded assembly
- Completed reload, in  2.059 seconds
Platform modules already initialized, skipping
Refreshing native plugins compatible for Editor in 0.61 ms, found 1 plugins.
Preloading 0 native plugins for Editor in 0.00 ms.
Unloading 1825 Unused Serialized files (Serialized files now loaded: 0)
System memory in use before: 89.0 MB.
System memory in use after: 88.9 MB.

Unloading 12 unused Assets to reduce memory usage. Loaded Objects now: 2315.
Total: 4.308100 ms (FindLiveObjects: 0.303000 ms CreateObjectMapping: 0.130200 ms MarkObjects: 3.655000 ms  DeleteObjects: 0.214100 ms)

========================================================================
Received Prepare
Registering precompiled user dll's ...
Registered in 0.001695 seconds.
Begin MonoManager ReloadAssembly
Native extension for WindowsStandalone target not found
Native extension for WebGL target not found
Refreshing native plugins compatible for Editor in 0.57 ms, found 1 plugins.
Preloading 0 native plugins for Editor in 0.00 ms.
Mono: successfully reloaded assembly
- Completed reload, in  2.178 seconds
Platform modules already initialized, skipping
Refreshing native plugins compatible for Editor in 0.67 ms, found 1 plugins.
Preloading 0 native plugins for Editor in 0.00 ms.
Unloading 1825 Unused Serialized files (Serialized files now loaded: 0)
System memory in use before: 89.0 MB.
System memory in use after: 89.0 MB.

Unloading 12 unused Assets to reduce memory usage. Loaded Objects now: 2319.
Total: 5.434600 ms (FindLiveObjects: 0.307800 ms CreateObjectMapping: 0.175000 ms MarkObjects: 4.256100 ms  DeleteObjects: 0.693600 ms)

========================================================================
Received Prepare
Registering precompiled user dll's ...
Registered in 0.002013 seconds.
Begin MonoManager ReloadAssembly
Native extension for WindowsStandalone target not found
Native extension for WebGL target not found
Refreshing native plugins compatible for Editor in 0.59 ms, found 1 plugins.
Preloading 0 native plugins for Editor in 0.00 ms.
Mono: successfully reloaded assembly
- Completed reload, in  2.124 seconds
Platform modules already initialized, skipping
Refreshing native plugins compatible for Editor in 0.70 ms, found 1 plugins.
Preloading 0 native plugins for Editor in 0.00 ms.
Unloading 1825 Unused Serialized files (Serialized files now loaded: 0)
System memory in use before: 89.0 MB.
System memory in use after: 89.0 MB.

Unloading 12 unused Assets to reduce memory usage. Loaded Objects now: 2323.
Total: 8.428300 ms (FindLiveObjects: 0.657300 ms CreateObjectMapping: 0.264900 ms MarkObjects: 5.681300 ms  DeleteObjects: 1.821800 ms)

========================================================================
Received Prepare
Registering precompiled user dll's ...
Registered in 0.001892 seconds.
Begin MonoManager ReloadAssembly
Native extension for WindowsStandalone target not found
Native extension for WebGL target not found
Refreshing native plugins compatible for Editor in 0.56 ms, found 1 plugins.
Preloading 0 native plugins for Editor in 0.00 ms.
Mono: successfully reloaded assembly
- Completed reload, in  2.125 seconds
Platform modules already initialized, skipping
Refreshing native plugins compatible for Editor in 0.57 ms, found 1 plugins.
Preloading 0 native plugins for Editor in 0.00 ms.
Unloading 1825 Unused Serialized files (Serialized files now loaded: 0)
System memory in use before: 89.0 MB.
System memory in use after: 89.0 MB.

Unloading 12 unused Assets to reduce memory usage. Loaded Objects now: 2327.
Total: 4.095700 ms (FindLiveObjects: 0.268900 ms CreateObjectMapping: 0.123300 ms MarkObjects: 3.511300 ms  DeleteObjects: 0.190100 ms)

========================================================================
Received Prepare
Registering precompiled user dll's ...
Registered in 0.001771 seconds.
Begin MonoManager ReloadAssembly
Native extension for WindowsStandalone target not found
Native extension for WebGL target not found
Refreshing native plugins compatible for Editor in 0.59 ms, found 1 plugins.
Preloading 0 native plugins for Editor in 0.00 ms.
Mono: successfully reloaded assembly
- Completed reload, in  2.068 seconds
Platform modules already initialized, skipping
Refreshing native plugins compatible for Editor in 0.69 ms, found 1 plugins.
Preloading 0 native plugins for Editor in 0.00 ms.
Unloading 1825 Unused Serialized files (Serialized files now loaded: 0)
System memory in use before: 89.0 MB.
System memory in use after: 89.0 MB.

Unloading 12 unused Assets to reduce memory usage. Loaded Objects now: 2331.
Total: 3.863800 ms (FindLiveObjects: 0.291100 ms CreateObjectMapping: 0.136900 ms MarkObjects: 3.204800 ms  DeleteObjects: 0.229000 ms)

========================================================================
Received Prepare
Registering precompiled user dll's ...
Registered in 0.002210 seconds.
Begin MonoManager ReloadAssembly
Native extension for WindowsStandalone target not found
Native extension for WebGL target not found
Refreshing native plugins compatible for Editor in 0.58 ms, found 1 plugins.
Preloading 0 native plugins for Editor in 0.00 ms.
Mono: successfully reloaded assembly
- Completed reload, in  2.047 seconds
Platform modules already initialized, skipping
Refreshing native plugins compatible for Editor in 0.67 ms, found 1 plugins.
Preloading 0 native plugins for Editor in 0.00 ms.
Unloading 1825 Unused Serialized files (Serialized files now loaded: 0)
System memory in use before: 89.0 MB.
System memory in use after: 89.0 MB.

Unloading 12 unused Assets to reduce memory usage. Loaded Objects now: 2335.
Total: 4.763300 ms (FindLiveObjects: 0.292300 ms CreateObjectMapping: 0.135500 ms MarkObjects: 4.144600 ms  DeleteObjects: 0.188800 ms)

========================================================================
Received Prepare
Registering precompiled user dll's ...
Registered in 0.001979 seconds.
Begin MonoManager ReloadAssembly
Native extension for WindowsStandalone target not found
Native extension for WebGL target not found
Refreshing native plugins compatible for Editor in 0.59 ms, found 1 plugins.
Preloading 0 native plugins for Editor in 0.00 ms.
Mono: successfully reloaded assembly
- Completed reload, in  2.021 seconds
Platform modules already initialized, skipping
Refreshing native plugins compatible for Editor in 0.56 ms, found 1 plugins.
Preloading 0 native plugins for Editor in 0.00 ms.
Unloading 1825 Unused Serialized files (Serialized files now loaded: 0)
System memory in use before: 89.0 MB.
System memory in use after: 89.0 MB.

Unloading 12 unused Assets to reduce memory usage. Loaded Objects now: 2339.
Total: 6.014700 ms (FindLiveObjects: 0.288600 ms CreateObjectMapping: 0.250100 ms MarkObjects: 5.277700 ms  DeleteObjects: 0.196300 ms)

========================================================================
Received Prepare
Registering precompiled user dll's ...
Registered in 0.002237 seconds.
Begin MonoManager ReloadAssembly
Native extension for WindowsStandalone target not found
Native extension for WebGL target not found
Refreshing native plugins compatible for Editor in 0.67 ms, found 1 plugins.
Preloading 0 native plugins for Editor in 0.00 ms.
Mono: successfully reloaded assembly
- Completed reload, in  2.174 seconds
Platform modules already initialized, skipping
Refreshing native plugins compatible for Editor in 0.55 ms, found 1 plugins.
Preloading 0 native plugins for Editor in 0.00 ms.
Unloading 1825 Unused Serialized files (Serialized files now loaded: 0)
System memory in use before: 89.0 MB.
System memory in use after: 89.0 MB.

Unloading 12 unused Assets to reduce memory usage. Loaded Objects now: 2343.
Total: 4.231200 ms (FindLiveObjects: 0.460800 ms CreateObjectMapping: 0.137800 ms MarkObjects: 3.434100 ms  DeleteObjects: 0.196300 ms)

========================================================================
Received Import Request.
  Time since last request: 2313.430263 seconds.
  path: Assets/Scripts/StompEnemy.cs
  artifactKey: Guid(d1de8b34e0b7eae439f7b65a880a179d) Importer(815301076,1909f56bfc062723c751e8b465ee728b)
Start importing Assets/Scripts/StompEnemy.cs using Guid(d1de8b34e0b7eae439f7b65a880a179d) Importer(815301076,1909f56bfc062723c751e8b465ee728b)  -> (artifact id: '43aff53de6eebdf103600469ba48bc0a') in 0.020938 seconds
  Import took 0.028391 seconds .

========================================================================
Received Prepare
Registering precompiled user dll's ...
Registered in 0.001705 seconds.
Begin MonoManager ReloadAssembly
Native extension for WindowsStandalone target not found
Native extension for WebGL target not found
Refreshing native plugins compatible for Editor in 0.59 ms, found 1 plugins.
Preloading 0 native plugins for Editor in 0.00 ms.
Mono: successfully reloaded assembly
- Completed reload, in  2.119 seconds
Platform modules already initialized, skipping
Refreshing native plugins compatible for Editor in 0.57 ms, found 1 plugins.
Preloading 0 native plugins for Editor in 0.00 ms.
Unloading 1825 Unused Serialized files (Serialized files now loaded: 0)
System memory in use before: 89.0 MB.
System memory in use after: 89.0 MB.

Unloading 12 unused Assets to reduce memory usage. Loaded Objects now: 2347.
Total: 4.283200 ms (FindLiveObjects: 0.279600 ms CreateObjectMapping: 0.122300 ms MarkObjects: 3.695300 ms  DeleteObjects: 0.184400 ms)

========================================================================
Received Prepare
Registering precompiled user dll's ...
Registered in 0.001899 seconds.
Begin MonoManager ReloadAssembly
Native extension for WindowsStandalone target not found
Native extension for WebGL target not found
Refreshing native plugins compatible for Editor in 0.56 ms, found 1 plugins.
Preloading 0 native plugins for Editor in 0.00 ms.
Mono: successfully reloaded assembly
- Completed reload, in  1.982 seconds
Platform modules already initialized, skipping
Refreshing native plugins compatible for Editor in 0.58 ms, found 1 plugins.
Preloading 0 native plugins for Editor in 0.00 ms.
Unloading 1825 Unused Serialized files (Serialized files now loaded: 0)
System memory in use before: 89.1 MB.
System memory in use after: 89.0 MB.

Unloading 12 unused Assets to reduce memory usage. Loaded Objects now: 2351.
Total: 4.252400 ms (FindLiveObjects: 0.267300 ms CreateObjectMapping: 0.119900 ms MarkObjects: 3.669600 ms  DeleteObjects: 0.193600 ms)

========================================================================
Received Import Request.
  Time since last request: 343.918403 seconds.
  path: Assets/Prefebs/Dangers/Falling Spin Saw.prefab
  artifactKey: Guid(5bbe92241bb64274dabcfea0fe917f57) Importer(815301076,1909f56bfc062723c751e8b465ee728b)
Start importing Assets/Prefebs/Dangers/Falling Spin Saw.prefab using Guid(5bbe92241bb64274dabcfea0fe917f57) Importer(815301076,1909f56bfc062723c751e8b465ee728b)  -> (artifact id: '90199518c258432388cdec4e70e38c7e') in 0.124862 seconds
  Import took 0.130705 seconds .

========================================================================
Received Import Request.
  Time since last request: 16.838248 seconds.
  path: Assets/Prefebs/Dangers/Falling Spin Saw.prefab
  artifactKey: Guid(5bbe92241bb64274dabcfea0fe917f57) Importer(815301076,1909f56bfc062723c751e8b465ee728b)
Start importing Assets/Prefebs/Dangers/Falling Spin Saw.prefab using Guid(5bbe92241bb64274dabcfea0fe917f57) Importer(815301076,1909f56bfc062723c751e8b465ee728b)  -> (artifact id: '2c81bced4af10b4e0f29f3165596788b') in 0.126984 seconds
  Import took 0.140253 seconds .

========================================================================
Received Prepare
Registering precompiled user dll's ...
Registered in 0.001978 seconds.
Begin MonoManager ReloadAssembly
Native extension for WindowsStandalone target not found
Native extension for WebGL target not found
Refreshing native plugins compatible for Editor in 0.56 ms, found 1 plugins.
Preloading 0 native plugins for Editor in 0.00 ms.
Mono: successfully reloaded assembly
- Completed reload, in  1.987 seconds
Platform modules already initialized, skipping
Refreshing native plugins compatible for Editor in 0.57 ms, found 1 plugins.
Preloading 0 native plugins for Editor in 0.00 ms.
Unloading 1825 Unused Serialized files (Serialized files now loaded: 0)
System memory in use before: 89.1 MB.
System memory in use after: 89.0 MB.

Unloading 12 unused Assets to reduce memory usage. Loaded Objects now: 2356.
Total: 3.581200 ms (FindLiveObjects: 0.272200 ms CreateObjectMapping: 0.122700 ms MarkObjects: 3.008900 ms  DeleteObjects: 0.175900 ms)

========================================================================
Received Import Request.
  Time since last request: 28.301479 seconds.
  path: Assets/Prefebs/Dangers/Falling Spin Saw.prefab
  artifactKey: Guid(5bbe92241bb64274dabcfea0fe917f57) Importer(815301076,1909f56bfc062723c751e8b465ee728b)
Start importing Assets/Prefebs/Dangers/Falling Spin Saw.prefab using Guid(5bbe92241bb64274dabcfea0fe917f57) Importer(815301076,1909f56bfc062723c751e8b465ee728b)  -> (artifact id: '9e8ae2d846ab2e740542d101c9590ef4') in 0.111974 seconds
  Import took 0.117847 seconds .

========================================================================
Received Import Request.
  Time since last request: 0.007240 seconds.
  path: Assets/Prefebs/Dangers/Falling Spin Saw.prefab
  artifactKey: Guid(5bbe92241bb64274dabcfea0fe917f57) Importer(815301076,1909f56bfc062723c751e8b465ee728b)
Start importing Assets/Prefebs/Dangers/Falling Spin Saw.prefab using Guid(5bbe92241bb64274dabcfea0fe917f57) Importer(815301076,1909f56bfc062723c751e8b465ee728b)  -> (artifact id: '9e8ae2d846ab2e740542d101c9590ef4') in 0.019698 seconds
  Import took 0.025749 seconds .

========================================================================
Received Prepare
Registering precompiled user dll's ...
Registered in 0.001675 seconds.
Begin MonoManager ReloadAssembly
Native extension for WindowsStandalone target not found
Native extension for WebGL target not found
Refreshing native plugins compatible for Editor in 0.58 ms, found 1 plugins.
Preloading 0 native plugins for Editor in 0.00 ms.
Mono: successfully reloaded assembly
- Completed reload, in  1.996 seconds
Platform modules already initialized, skipping
Refreshing native plugins compatible for Editor in 0.55 ms, found 1 plugins.
Preloading 0 native plugins for Editor in 0.00 ms.
Unloading 1825 Unused Serialized files (Serialized files now loaded: 0)
System memory in use before: 89.1 MB.
System memory in use after: 89.1 MB.

Unloading 12 unused Assets to reduce memory usage. Loaded Objects now: 2361.
Total: 3.771700 ms (FindLiveObjects: 0.273300 ms CreateObjectMapping: 0.121100 ms MarkObjects: 3.202300 ms  DeleteObjects: 0.173400 ms)

========================================================================
Received Prepare
Registering precompiled user dll's ...
Registered in 0.001728 seconds.
Begin MonoManager ReloadAssembly
Native extension for WindowsStandalone target not found
Native extension for WebGL target not found
Refreshing native plugins compatible for Editor in 0.58 ms, found 1 plugins.
Preloading 0 native plugins for Editor in 0.00 ms.
Mono: successfully reloaded assembly
- Completed reload, in  2.183 seconds
Platform modules already initialized, skipping
Refreshing native plugins compatible for Editor in 0.56 ms, found 1 plugins.
Preloading 0 native plugins for Editor in 0.00 ms.
Unloading 1825 Unused Serialized files (Serialized files now loaded: 0)
System memory in use before: 89.1 MB.
System memory in use after: 89.1 MB.

Unloading 12 unused Assets to reduce memory usage. Loaded Objects now: 2365.
Total: 5.476500 ms (FindLiveObjects: 0.367700 ms CreateObjectMapping: 0.180300 ms MarkObjects: 4.735600 ms  DeleteObjects: 0.191000 ms)

========================================================================
Received Prepare
Registering precompiled user dll's ...
Registered in 0.001674 seconds.
Begin MonoManager ReloadAssembly
Native extension for WindowsStandalone target not found
Native extension for WebGL target not found
Refreshing native plugins compatible for Editor in 0.58 ms, found 1 plugins.
Preloading 0 native plugins for Editor in 0.00 ms.
Mono: successfully reloaded assembly
- Completed reload, in  2.028 seconds
Platform modules already initialized, skipping
Refreshing native plugins compatible for Editor in 0.57 ms, found 1 plugins.
Preloading 0 native plugins for Editor in 0.00 ms.
Unloading 1825 Unused Serialized files (Serialized files now loaded: 0)
System memory in use before: 89.1 MB.
System memory in use after: 89.1 MB.

Unloading 12 unused Assets to reduce memory usage. Loaded Objects now: 2369.
Total: 4.943100 ms (FindLiveObjects: 0.496400 ms CreateObjectMapping: 0.195700 ms MarkObjects: 4.062500 ms  DeleteObjects: 0.186000 ms)

========================================================================
Received Prepare
Registering precompiled user dll's ...
Registered in 0.002079 seconds.
Begin MonoManager ReloadAssembly
Native extension for WindowsStandalone target not found
Native extension for WebGL target not found
Refreshing native plugins compatible for Editor in 0.58 ms, found 1 plugins.
Preloading 0 native plugins for Editor in 0.00 ms.
Mono: successfully reloaded assembly
- Completed reload, in  2.017 seconds
Platform modules already initialized, skipping
Refreshing native plugins compatible for Editor in 0.57 ms, found 1 plugins.
Preloading 0 native plugins for Editor in 0.00 ms.
Unloading 1825 Unused Serialized files (Serialized files now loaded: 0)
System memory in use before: 89.1 MB.
System memory in use after: 89.1 MB.

Unloading 12 unused Assets to reduce memory usage. Loaded Objects now: 2373.
Total: 3.690300 ms (FindLiveObjects: 0.279100 ms CreateObjectMapping: 0.121400 ms MarkObjects: 3.106500 ms  DeleteObjects: 0.181700 ms)

========================================================================
Received Prepare
Registering precompiled user dll's ...
Registered in 0.001687 seconds.
Begin MonoManager ReloadAssembly
Native extension for WindowsStandalone target not found
Native extension for WebGL target not found
Refreshing native plugins compatible for Editor in 0.56 ms, found 1 plugins.
Preloading 0 native plugins for Editor in 0.00 ms.
Mono: successfully reloaded assembly
- Completed reload, in  2.060 seconds
Platform modules already initialized, skipping
Refreshing native plugins compatible for Editor in 0.57 ms, found 1 plugins.
Preloading 0 native plugins for Editor in 0.00 ms.
Unloading 1825 Unused Serialized files (Serialized files now loaded: 0)
System memory in use before: 89.1 MB.
System memory in use after: 89.1 MB.

Unloading 12 unused Assets to reduce memory usage. Loaded Objects now: 2377.
Total: 4.292000 ms (FindLiveObjects: 0.288100 ms CreateObjectMapping: 0.129800 ms MarkObjects: 3.694400 ms  DeleteObjects: 0.178000 ms)

========================================================================
Received Prepare
Registering precompiled user dll's ...
Registered in 0.006549 seconds.
Begin MonoManager ReloadAssembly
Native extension for WindowsStandalone target not found
Native extension for WebGL target not found
Refreshing native plugins compatible for Editor in 0.58 ms, found 1 plugins.
Preloading 0 native plugins for Editor in 0.00 ms.
Mono: successfully reloaded assembly
- Completed reload, in  2.227 seconds
Platform modules already initialized, skipping
Refreshing native plugins compatible for Editor in 0.55 ms, found 1 plugins.
Preloading 0 native plugins for Editor in 0.00 ms.
Unloading 1825 Unused Serialized files (Serialized files now loaded: 0)
System memory in use before: 89.1 MB.
System memory in use after: 89.1 MB.

Unloading 12 unused Assets to reduce memory usage. Loaded Objects now: 2381.
Total: 3.833000 ms (FindLiveObjects: 0.274900 ms CreateObjectMapping: 0.119400 ms MarkObjects: 3.254600 ms  DeleteObjects: 0.182100 ms)

========================================================================
Received Prepare
Registering precompiled user dll's ...
Registered in 0.001707 seconds.
Begin MonoManager ReloadAssembly
Native extension for WindowsStandalone target not found
Native extension for WebGL target not found
Refreshing native plugins compatible for Editor in 0.66 ms, found 1 plugins.
Preloading 0 native plugins for Editor in 0.00 ms.
Mono: successfully reloaded assembly
- Completed reload, in  2.083 seconds
Platform modules already initialized, skipping
Refreshing native plugins compatible for Editor in 0.63 ms, found 1 plugins.
Preloading 0 native plugins for Editor in 0.00 ms.
Unloading 1825 Unused Serialized files (Serialized files now loaded: 0)
System memory in use before: 89.1 MB.
System memory in use after: 89.1 MB.

Unloading 12 unused Assets to reduce memory usage. Loaded Objects now: 2385.
Total: 3.872900 ms (FindLiveObjects: 0.281400 ms CreateObjectMapping: 0.122100 ms MarkObjects: 3.286800 ms  DeleteObjects: 0.181100 ms)

========================================================================
Received Prepare
Registering precompiled user dll's ...
Registered in 0.008630 seconds.
Begin MonoManager ReloadAssembly
Native extension for WindowsStandalone target not found
Native extension for WebGL target not found
Refreshing native plugins compatible for Editor in 0.61 ms, found 1 plugins.
Preloading 0 native plugins for Editor in 0.00 ms.
Mono: successfully reloaded assembly
- Completed reload, in  2.113 seconds
Platform modules already initialized, skipping
Refreshing native plugins compatible for Editor in 0.56 ms, found 1 plugins.
Preloading 0 native plugins for Editor in 0.00 ms.
Unloading 1825 Unused Serialized files (Serialized files now loaded: 0)
System memory in use before: 89.1 MB.
System memory in use after: 89.1 MB.

Unloading 12 unused Assets to reduce memory usage. Loaded Objects now: 2389.
Total: 3.780700 ms (FindLiveObjects: 0.366500 ms CreateObjectMapping: 0.149400 ms MarkObjects: 3.082000 ms  DeleteObjects: 0.181100 ms)

========================================================================
Received Prepare
Registering precompiled user dll's ...
Registered in 0.002076 seconds.
Begin MonoManager ReloadAssembly
Native extension for WindowsStandalone target not found
Native extension for WebGL target not found
Refreshing native plugins compatible for Editor in 0.56 ms, found 1 plugins.
Preloading 0 native plugins for Editor in 0.00 ms.
Mono: successfully reloaded assembly
- Completed reload, in  2.136 seconds
Platform modules already initialized, skipping
Refreshing native plugins compatible for Editor in 0.55 ms, found 1 plugins.
Preloading 0 native plugins for Editor in 0.00 ms.
Unloading 1825 Unused Serialized files (Serialized files now loaded: 0)
System memory in use before: 89.1 MB.
System memory in use after: 89.1 MB.

Unloading 12 unused Assets to reduce memory usage. Loaded Objects now: 2393.
Total: 5.016600 ms (FindLiveObjects: 0.459600 ms CreateObjectMapping: 0.135100 ms MarkObjects: 4.225200 ms  DeleteObjects: 0.194700 ms)

========================================================================
Received Prepare
Registering precompiled user dll's ...
Registered in 0.003740 seconds.
Begin MonoManager ReloadAssembly
Native extension for WindowsStandalone target not found
Native extension for WebGL target not found
Refreshing native plugins compatible for Editor in 0.58 ms, found 1 plugins.
Preloading 0 native plugins for Editor in 0.00 ms.
Mono: successfully reloaded assembly
- Completed reload, in  2.022 seconds
Platform modules already initialized, skipping
Refreshing native plugins compatible for Editor in 0.57 ms, found 1 plugins.
Preloading 0 native plugins for Editor in 0.00 ms.
Unloading 1825 Unused Serialized files (Serialized files now loaded: 0)
System memory in use before: 89.2 MB.
System memory in use after: 89.1 MB.

Unloading 12 unused Assets to reduce memory usage. Loaded Objects now: 2397.
Total: 4.132800 ms (FindLiveObjects: 0.277600 ms CreateObjectMapping: 0.116500 ms MarkObjects: 3.501500 ms  DeleteObjects: 0.235200 ms)

========================================================================
Received Prepare
Registering precompiled user dll's ...
Registered in 0.001851 seconds.
Begin MonoManager ReloadAssembly
Native extension for WindowsStandalone target not found
Native extension for WebGL target not found
Refreshing native plugins compatible for Editor in 0.57 ms, found 1 plugins.
Preloading 0 native plugins for Editor in 0.00 ms.
Mono: successfully reloaded assembly
- Completed reload, in  2.014 seconds
Platform modules already initialized, skipping
Refreshing native plugins compatible for Editor in 0.56 ms, found 1 plugins.
Preloading 0 native plugins for Editor in 0.00 ms.
Unloading 1825 Unused Serialized files (Serialized files now loaded: 0)
System memory in use before: 89.2 MB.
System memory in use after: 89.1 MB.

Unloading 12 unused Assets to reduce memory usage. Loaded Objects now: 2401.
Total: 4.480600 ms (FindLiveObjects: 0.364000 ms CreateObjectMapping: 0.170800 ms MarkObjects: 3.676600 ms  DeleteObjects: 0.266200 ms)

========================================================================
Received Prepare
Registering precompiled user dll's ...
Registered in 0.001729 seconds.
Begin MonoManager ReloadAssembly
Native extension for WindowsStandalone target not found
Native extension for WebGL target not found
Refreshing native plugins compatible for Editor in 0.59 ms, found 1 plugins.
Preloading 0 native plugins for Editor in 0.00 ms.
Mono: successfully reloaded assembly
- Completed reload, in  2.058 seconds
Platform modules already initialized, skipping
Refreshing native plugins compatible for Editor in 0.57 ms, found 1 plugins.
Preloading 0 native plugins for Editor in 0.00 ms.
Unloading 1825 Unused Serialized files (Serialized files now loaded: 0)
System memory in use before: 89.2 MB.
System memory in use after: 89.1 MB.

Unloading 12 unused Assets to reduce memory usage. Loaded Objects now: 2405.
Total: 4.425700 ms (FindLiveObjects: 0.348000 ms CreateObjectMapping: 0.123800 ms MarkObjects: 3.768300 ms  DeleteObjects: 0.183600 ms)

========================================================================
Received Prepare
Registering precompiled user dll's ...
Registered in 0.001838 seconds.
Begin MonoManager ReloadAssembly
Native extension for WindowsStandalone target not found
Native extension for WebGL target not found
Refreshing native plugins compatible for Editor in 0.57 ms, found 1 plugins.
Preloading 0 native plugins for Editor in 0.00 ms.
Mono: successfully reloaded assembly
- Completed reload, in  2.009 seconds
Platform modules already initialized, skipping
Refreshing native plugins compatible for Editor in 0.58 ms, found 1 plugins.
Preloading 0 native plugins for Editor in 0.00 ms.
Unloading 1825 Unused Serialized files (Serialized files now loaded: 0)
System memory in use before: 89.2 MB.
System memory in use after: 89.2 MB.

Unloading 12 unused Assets to reduce memory usage. Loaded Objects now: 2409.
Total: 3.843100 ms (FindLiveObjects: 0.432700 ms CreateObjectMapping: 0.237600 ms MarkObjects: 2.987300 ms  DeleteObjects: 0.183700 ms)

========================================================================
Received Prepare
Registering precompiled user dll's ...
Registered in 0.002252 seconds.
Begin MonoManager ReloadAssembly
Native extension for WindowsStandalone target not found
Native extension for WebGL target not found
Refreshing native plugins compatible for Editor in 0.60 ms, found 1 plugins.
Preloading 0 native plugins for Editor in 0.00 ms.
Mono: successfully reloaded assembly
- Completed reload, in  2.250 seconds
Platform modules already initialized, skipping
Refreshing native plugins compatible for Editor in 0.56 ms, found 1 plugins.
Preloading 0 native plugins for Editor in 0.00 ms.
Unloading 1825 Unused Serialized files (Serialized files now loaded: 0)
System memory in use before: 89.2 MB.
System memory in use after: 89.2 MB.

Unloading 12 unused Assets to reduce memory usage. Loaded Objects now: 2413.
Total: 3.815500 ms (FindLiveObjects: 0.270700 ms CreateObjectMapping: 0.119000 ms MarkObjects: 3.246000 ms  DeleteObjects: 0.178000 ms)

========================================================================
Received Prepare
Registering precompiled user dll's ...
Registered in 0.001710 seconds.
Begin MonoManager ReloadAssembly
Native extension for WindowsStandalone target not found
Native extension for WebGL target not found
Refreshing native plugins compatible for Editor in 0.58 ms, found 1 plugins.
Preloading 0 native plugins for Editor in 0.00 ms.
Mono: successfully reloaded assembly
- Completed reload, in  2.109 seconds
Platform modules already initialized, skipping
Refreshing native plugins compatible for Editor in 0.59 ms, found 1 plugins.
Preloading 0 native plugins for Editor in 0.00 ms.
Unloading 1825 Unused Serialized files (Serialized files now loaded: 0)
System memory in use before: 89.2 MB.
System memory in use after: 89.2 MB.

Unloading 12 unused Assets to reduce memory usage. Loaded Objects now: 2417.
Total: 3.871400 ms (FindLiveObjects: 0.295000 ms CreateObjectMapping: 0.128000 ms MarkObjects: 3.267400 ms  DeleteObjects: 0.179200 ms)

========================================================================
Received Import Request.
  Time since last request: 4574.417181 seconds.
  path: Assets/Prefebs/Interative Pieces/Level Exit.prefab
  artifactKey: Guid(70f61b4bba9c35149ae282124103a53f) Importer(815301076,1909f56bfc062723c751e8b465ee728b)
Start importing Assets/Prefebs/Interative Pieces/Level Exit.prefab using Guid(70f61b4bba9c35149ae282124103a53f) Importer(815301076,1909f56bfc062723c751e8b465ee728b)  -> (artifact id: '4a8e31eaeb8acaba75e15311e9cdb543') in 0.121398 seconds
  Import took 0.127395 seconds .

========================================================================
Received Import Request.
  Time since last request: 0.179237 seconds.
  path: Assets/Prefebs/LevelManager.prefab
  artifactKey: Guid(21b9e96c29f92b946acce1bc4e77566c) Importer(815301076,1909f56bfc062723c751e8b465ee728b)
Start importing Assets/Prefebs/LevelManager.prefab using Guid(21b9e96c29f92b946acce1bc4e77566c) Importer(815301076,1909f56bfc062723c751e8b465ee728b)  -> (artifact id: 'd43fd7cc1291fd3a2ceb624b257ee5f0') in 0.022624 seconds
  Import took 0.029796 seconds .

========================================================================
Received Import Request.
  Time since last request: 0.000483 seconds.
  path: Assets/Prefebs/LevelStarterPack.prefab
  artifactKey: Guid(18702534736744e4eb0a120f1bbe53f5) Importer(815301076,1909f56bfc062723c751e8b465ee728b)
Start importing Assets/Prefebs/LevelStarterPack.prefab using Guid(18702534736744e4eb0a120f1bbe53f5) Importer(815301076,1909f56bfc062723c751e8b465ee728b)  -> (artifact id: '98f52e20613f0e40666964cc79039a14') in 0.098181 seconds
  Import took 0.105050 seconds .

========================================================================
Received Import Request.
  Time since last request: 30.046990 seconds.
  path: Assets/Scenes/Level2.unity
  artifactKey: Guid(4a278ebe01ae0214aa346a86d1f8aacd) Importer(815301076,1909f56bfc062723c751e8b465ee728b)
Start importing Assets/Scenes/Level2.unity using Guid(4a278ebe01ae0214aa346a86d1f8aacd) Importer(815301076,1909f56bfc062723c751e8b465ee728b)  -> (artifact id: 'ecc947ac236eb106b3d30b5303cde09d') in 0.032440 seconds
  Import took 0.043421 seconds .

========================================================================
Received Import Request.
  Time since last request: 0.003980 seconds.
  path: Assets/Scenes/Level2.unity
  artifactKey: Guid(4a278ebe01ae0214aa346a86d1f8aacd) Importer(815301076,1909f56bfc062723c751e8b465ee728b)
Start importing Assets/Scenes/Level2.unity using Guid(4a278ebe01ae0214aa346a86d1f8aacd) Importer(815301076,1909f56bfc062723c751e8b465ee728b)  -> (artifact id: 'ecc947ac236eb106b3d30b5303cde09d') in 0.032238 seconds
  Import took 0.062033 seconds .

========================================================================
Received Prepare
Refreshing native plugins compatible for Editor in 2.84 ms, found 1 plugins.
Preloading 0 native plugins for Editor in 0.00 ms.
Unloading 10 Unused Serialized files (Serialized files now loaded: 0)
System memory in use before: 55.4 MB.
System memory in use after: 55.3 MB.

Unloading 11 unused Assets to reduce memory usage. Loaded Objects now: 2418.
Total: 6.180300 ms (FindLiveObjects: 0.354400 ms CreateObjectMapping: 0.124600 ms MarkObjects: 5.491300 ms  DeleteObjects: 0.207500 ms)

========================================================================
Received Prepare
Refreshing native plugins compatible for Editor in 2.90 ms, found 1 plugins.
Preloading 0 native plugins for Editor in 0.00 ms.
Unloading 10 Unused Serialized files (Serialized files now loaded: 0)
System memory in use before: 55.4 MB.
System memory in use after: 55.3 MB.

Unloading 10 unused Assets to reduce memory usage. Loaded Objects now: 2418.
Total: 6.072800 ms (FindLiveObjects: 0.310100 ms CreateObjectMapping: 0.124400 ms MarkObjects: 5.373200 ms  DeleteObjects: 0.262600 ms)

========================================================================
Received Import Request.
  Time since last request: 1009.197520 seconds.
  path: Assets/Scenes/Level2.unity
  artifactKey: Guid(4a278ebe01ae0214aa346a86d1f8aacd) Importer(815301076,1909f56bfc062723c751e8b465ee728b)
Start importing Assets/Scenes/Level2.unity using Guid(4a278ebe01ae0214aa346a86d1f8aacd) Importer(815301076,1909f56bfc062723c751e8b465ee728b)  -> (artifact id: '219d9ca87774906edfbf955064997f78') in 0.069329 seconds
  Import took 0.092866 seconds .

========================================================================
Received Import Request.
  Time since last request: 42.316228 seconds.
  path: Assets/Scenes/Level3.unity
  artifactKey: Guid(948c0c52fb45d7f4597a10bbb3835720) Importer(815301076,1909f56bfc062723c751e8b465ee728b)
Start importing Assets/Scenes/Level3.unity using Guid(948c0c52fb45d7f4597a10bbb3835720) Importer(815301076,1909f56bfc062723c751e8b465ee728b)  -> (artifact id: '83da2e4d30f37fdfca36065727a07f51') in 0.025311 seconds
  Import took 0.034568 seconds .

========================================================================
Received Prepare
Refreshing native plugins compatible for Editor in 7.76 ms, found 1 plugins.
Preloading 0 native plugins for Editor in 0.00 ms.
Unloading 10 Unused Serialized files (Serialized files now loaded: 0)
System memory in use before: 55.4 MB.
System memory in use after: 55.4 MB.

Unloading 10 unused Assets to reduce memory usage. Loaded Objects now: 2418.
Total: 6.810600 ms (FindLiveObjects: 0.343700 ms CreateObjectMapping: 0.156200 ms MarkObjects: 6.079200 ms  DeleteObjects: 0.228600 ms)

========================================================================
Received Prepare
Refreshing native plugins compatible for Editor in 2.78 ms, found 1 plugins.
Preloading 0 native plugins for Editor in 0.00 ms.
Unloading 10 Unused Serialized files (Serialized files now loaded: 0)
System memory in use before: 55.4 MB.
System memory in use after: 55.4 MB.

Unloading 10 unused Assets to reduce memory usage. Loaded Objects now: 2418.
Total: 6.813200 ms (FindLiveObjects: 0.365400 ms CreateObjectMapping: 0.121800 ms MarkObjects: 6.115900 ms  DeleteObjects: 0.207300 ms)

========================================================================
Received Import Request.
  Time since last request: 701.886403 seconds.
  path: Assets/Scenes/Level2.unity
  artifactKey: Guid(4a278ebe01ae0214aa346a86d1f8aacd) Importer(815301076,1909f56bfc062723c751e8b465ee728b)
Start importing Assets/Scenes/Level2.unity using Guid(4a278ebe01ae0214aa346a86d1f8aacd) Importer(815301076,1909f56bfc062723c751e8b465ee728b)  -> (artifact id: '31cd85cc0d1a9b6428092076991199de') in 0.014243 seconds
  Import took 0.024351 seconds .

========================================================================
Received Import Request.
  Time since last request: 0.001593 seconds.
  path: Assets/Scenes/Level2.unity
  artifactKey: Guid(4a278ebe01ae0214aa346a86d1f8aacd) Importer(815301076,1909f56bfc062723c751e8b465ee728b)
Start importing Assets/Scenes/Level2.unity using Guid(4a278ebe01ae0214aa346a86d1f8aacd) Importer(815301076,1909f56bfc062723c751e8b465ee728b)  -> (artifact id: '31cd85cc0d1a9b6428092076991199de') in 0.008589 seconds
  Import took 0.018184 seconds .

========================================================================
Received Import Request.
  Time since last request: 31.603461 seconds.
  path: Assets/Scenes/Level3.unity
  artifactKey: Guid(948c0c52fb45d7f4597a10bbb3835720) Importer(815301076,1909f56bfc062723c751e8b465ee728b)
Start importing Assets/Scenes/Level3.unity using Guid(948c0c52fb45d7f4597a10bbb3835720) Importer(815301076,1909f56bfc062723c751e8b465ee728b)  -> (artifact id: '8cc168908f3739f689a47435bae1d16b') in 0.029403 seconds
  Import took 0.042086 seconds .

========================================================================
Received Prepare
Registering precompiled user dll's ...
Registered in 0.001854 seconds.
Begin MonoManager ReloadAssembly
Native extension for WindowsStandalone target not found
Native extension for WebGL target not found
Refreshing native plugins compatible for Editor in 0.57 ms, found 1 plugins.
Preloading 0 native plugins for Editor in 0.00 ms.
Mono: successfully reloaded assembly
- Completed reload, in  2.056 seconds
Platform modules already initialized, skipping
Refreshing native plugins compatible for Editor in 0.56 ms, found 1 plugins.
Preloading 0 native plugins for Editor in 0.00 ms.
Unloading 1825 Unused Serialized files (Serialized files now loaded: 0)
System memory in use before: 89.2 MB.
System memory in use after: 89.2 MB.

Unloading 12 unused Assets to reduce memory usage. Loaded Objects now: 2422.
Total: 4.245400 ms (FindLiveObjects: 0.297300 ms CreateObjectMapping: 0.126200 ms MarkObjects: 3.614000 ms  DeleteObjects: 0.205800 ms)

========================================================================
Received Prepare
Registering precompiled user dll's ...
Registered in 0.001831 seconds.
Begin MonoManager ReloadAssembly
Native extension for WindowsStandalone target not found
Native extension for WebGL target not found
Refreshing native plugins compatible for Editor in 0.56 ms, found 1 plugins.
Preloading 0 native plugins for Editor in 0.00 ms.
Mono: successfully reloaded assembly
- Completed reload, in  1.998 seconds
Platform modules already initialized, skipping
Refreshing native plugins compatible for Editor in 0.55 ms, found 1 plugins.
Preloading 0 native plugins for Editor in 0.00 ms.
Unloading 1825 Unused Serialized files (Serialized files now loaded: 0)
System memory in use before: 89.2 MB.
System memory in use after: 89.2 MB.

Unloading 12 unused Assets to reduce memory usage. Loaded Objects now: 2426.
Total: 3.768800 ms (FindLiveObjects: 0.375800 ms CreateObjectMapping: 0.152700 ms MarkObjects: 3.060100 ms  DeleteObjects: 0.178500 ms)

========================================================================
Received Prepare
Registering precompiled user dll's ...
Registered in 0.001682 seconds.
Begin MonoManager ReloadAssembly
Native extension for WindowsStandalone target not found
Native extension for WebGL target not found
Refreshing native plugins compatible for Editor in 0.57 ms, found 1 plugins.
Preloading 0 native plugins for Editor in 0.00 ms.
Mono: successfully reloaded assembly
- Completed reload, in  2.042 seconds
Platform modules already initialized, skipping
Refreshing native plugins compatible for Editor in 0.59 ms, found 1 plugins.
Preloading 0 native plugins for Editor in 0.00 ms.
Unloading 1825 Unused Serialized files (Serialized files now loaded: 0)
System memory in use before: 89.3 MB.
System memory in use after: 89.2 MB.

Unloading 12 unused Assets to reduce memory usage. Loaded Objects now: 2430.
Total: 3.737800 ms (FindLiveObjects: 0.294300 ms CreateObjectMapping: 0.132800 ms MarkObjects: 3.123100 ms  DeleteObjects: 0.185700 ms)

========================================================================
Received Prepare
Registering precompiled user dll's ...
Registered in 0.002030 seconds.
Begin MonoManager ReloadAssembly
Native extension for WindowsStandalone target not found
Native extension for WebGL target not found
Refreshing native plugins compatible for Editor in 0.58 ms, found 1 plugins.
Preloading 0 native plugins for Editor in 0.00 ms.
Mono: successfully reloaded assembly
- Completed reload, in  2.082 seconds
Platform modules already initialized, skipping
Refreshing native plugins compatible for Editor in 0.56 ms, found 1 plugins.
Preloading 0 native plugins for Editor in 0.00 ms.
Unloading 1825 Unused Serialized files (Serialized files now loaded: 0)
System memory in use before: 89.3 MB.
System memory in use after: 89.2 MB.

Unloading 12 unused Assets to reduce memory usage. Loaded Objects now: 2434.
Total: 4.169000 ms (FindLiveObjects: 0.281100 ms CreateObjectMapping: 0.128700 ms MarkObjects: 3.572400 ms  DeleteObjects: 0.184800 ms)

========================================================================
Received Import Request.
  Time since last request: 523.224161 seconds.
  path: Assets/Prefebs/Dangers/Moving SpinSaw.prefab
  artifactKey: Guid(f0f59de95a77333409d3725f6848e893) Importer(815301076,1909f56bfc062723c751e8b465ee728b)
Start importing Assets/Prefebs/Dangers/Moving SpinSaw.prefab using Guid(f0f59de95a77333409d3725f6848e893) Importer(815301076,1909f56bfc062723c751e8b465ee728b)  -> (artifact id: '2494a95f7fc4fa62fe4dc5176ba470cf') in 0.193794 seconds
  Import took 0.202332 seconds .

========================================================================
Received Import Request.
  Time since last request: 52.117286 seconds.
  path: Assets/Scenes/Level2.unity
  artifactKey: Guid(4a278ebe01ae0214aa346a86d1f8aacd) Importer(815301076,1909f56bfc062723c751e8b465ee728b)
Start importing Assets/Scenes/Level2.unity using Guid(4a278ebe01ae0214aa346a86d1f8aacd) Importer(815301076,1909f56bfc062723c751e8b465ee728b)  -> (artifact id: '3919107ec1658395cc350b69386a3407') in 0.006422 seconds
  Import took 0.014350 seconds .

========================================================================
Received Import Request.
  Time since last request: 114.663496 seconds.
  path: Assets/Prefebs/LevelStarterPack.prefab
  artifactKey: Guid(18702534736744e4eb0a120f1bbe53f5) Importer(815301076,1909f56bfc062723c751e8b465ee728b)
Start importing Assets/Prefebs/LevelStarterPack.prefab using Guid(18702534736744e4eb0a120f1bbe53f5) Importer(815301076,1909f56bfc062723c751e8b465ee728b)  -> (artifact id: '979dc32de441f3e294b83cd561b9abd9') in 0.125979 seconds
  Import took 0.135583 seconds .

========================================================================
Received Import Request.
  Time since last request: 0.002556 seconds.
  path: Assets/Prefebs/LevelStarterPack.prefab
  artifactKey: Guid(18702534736744e4eb0a120f1bbe53f5) Importer(815301076,1909f56bfc062723c751e8b465ee728b)
Start importing Assets/Prefebs/LevelStarterPack.prefab using Guid(18702534736744e4eb0a120f1bbe53f5) Importer(815301076,1909f56bfc062723c751e8b465ee728b)  -> (artifact id: '979dc32de441f3e294b83cd561b9abd9') in 0.108562 seconds
  Import took 0.129330 seconds .

========================================================================
Received Import Request.
  Time since last request: 68.345435 seconds.
  path: Assets/Prefebs/Dangers/Moving SpinSaw.prefab
  artifactKey: Guid(f0f59de95a77333409d3725f6848e893) Importer(815301076,1909f56bfc062723c751e8b465ee728b)
Start importing Assets/Prefebs/Dangers/Moving SpinSaw.prefab using Guid(f0f59de95a77333409d3725f6848e893) Importer(815301076,1909f56bfc062723c751e8b465ee728b)  -> (artifact id: '6bc416d5fb7a7316b4178a0daa0f2b79') in 0.032570 seconds
  Import took 0.130794 seconds .

========================================================================
Received Prepare
Registering precompiled user dll's ...
Registered in 0.001672 seconds.
Begin MonoManager ReloadAssembly
Native extension for WindowsStandalone target not found
Native extension for WebGL target not found
Refreshing native plugins compatible for Editor in 0.59 ms, found 1 plugins.
Preloading 0 native plugins for Editor in 0.00 ms.
Mono: successfully reloaded assembly
- Completed reload, in  2.039 seconds
Platform modules already initialized, skipping
Refreshing native plugins compatible for Editor in 0.58 ms, found 1 plugins.
Preloading 0 native plugins for Editor in 0.00 ms.
Unloading 1825 Unused Serialized files (Serialized files now loaded: 0)
System memory in use before: 89.3 MB.
System memory in use after: 89.3 MB.

Unloading 13 unused Assets to reduce memory usage. Loaded Objects now: 2439.
Total: 4.082600 ms (FindLiveObjects: 0.313700 ms CreateObjectMapping: 0.130500 ms MarkObjects: 3.429800 ms  DeleteObjects: 0.206500 ms)

========================================================================
Received Prepare
Registering precompiled user dll's ...
Registered in 0.002100 seconds.
Begin MonoManager ReloadAssembly
Native extension for WindowsStandalone target not found
Native extension for WebGL target not found
Refreshing native plugins compatible for Editor in 0.57 ms, found 1 plugins.
Preloading 0 native plugins for Editor in 0.00 ms.
Mono: successfully reloaded assembly
- Completed reload, in  2.090 seconds
Platform modules already initialized, skipping
Refreshing native plugins compatible for Editor in 0.58 ms, found 1 plugins.
Preloading 0 native plugins for Editor in 0.00 ms.
Unloading 1825 Unused Serialized files (Serialized files now loaded: 0)
System memory in use before: 89.3 MB.
System memory in use after: 89.3 MB.

Unloading 12 unused Assets to reduce memory usage. Loaded Objects now: 2443.
Total: 4.734000 ms (FindLiveObjects: 0.482200 ms CreateObjectMapping: 0.337500 ms MarkObjects: 3.653400 ms  DeleteObjects: 0.258700 ms)

========================================================================
Received Prepare
Registering precompiled user dll's ...
Registered in 0.001979 seconds.
Begin MonoManager ReloadAssembly
Native extension for WindowsStandalone target not found
Native extension for WebGL target not found
Refreshing native plugins compatible for Editor in 0.57 ms, found 1 plugins.
Preloading 0 native plugins for Editor in 0.00 ms.
Mono: successfully reloaded assembly
- Completed reload, in  2.084 seconds
Platform modules already initialized, skipping
Refreshing native plugins compatible for Editor in 0.59 ms, found 1 plugins.
Preloading 0 native plugins for Editor in 0.00 ms.
Unloading 1825 Unused Serialized files (Serialized files now loaded: 0)
System memory in use before: 89.3 MB.
System memory in use after: 89.3 MB.

Unloading 12 unused Assets to reduce memory usage. Loaded Objects now: 2447.
Total: 3.861300 ms (FindLiveObjects: 0.291400 ms CreateObjectMapping: 0.135300 ms MarkObjects: 3.237300 ms  DeleteObjects: 0.195300 ms)

========================================================================
Received Prepare
Registering precompiled user dll's ...
Registered in 0.004536 seconds.
Begin MonoManager ReloadAssembly
Native extension for WindowsStandalone target not found
Native extension for WebGL target not found
Refreshing native plugins compatible for Editor in 0.85 ms, found 1 plugins.
Preloading 0 native plugins for Editor in 0.00 ms.
Mono: successfully reloaded assembly
- Completed reload, in  3.374 seconds
Platform modules already initialized, skipping
Refreshing native plugins compatible for Editor in 0.57 ms, found 1 plugins.
Preloading 0 native plugins for Editor in 0.00 ms.
Unloading 1825 Unused Serialized files (Serialized files now loaded: 0)
System memory in use before: 89.3 MB.
System memory in use after: 89.3 MB.

Unloading 12 unused Assets to reduce memory usage. Loaded Objects now: 2451.
Total: 6.222600 ms (FindLiveObjects: 0.489500 ms CreateObjectMapping: 0.178700 ms MarkObjects: 5.356000 ms  DeleteObjects: 0.196000 ms)

========================================================================
Received Import Request.
  Time since last request: 178.777529 seconds.
  path: Assets/Animations/SpinSaw.controller
  artifactKey: Guid(2990459983f938741b5184dc26cd51fa) Importer(815301076,1909f56bfc062723c751e8b465ee728b)
Start importing Assets/Animations/SpinSaw.controller using Guid(2990459983f938741b5184dc26cd51fa) Importer(815301076,1909f56bfc062723c751e8b465ee728b)  -> (artifact id: '093aa5b18a8d8f48bda1e5da608cb573') in 0.084957 seconds
  Import took 0.097098 seconds .

========================================================================
Received Prepare
Registering precompiled user dll's ...
Registered in 0.002306 seconds.
Begin MonoManager ReloadAssembly
Native extension for WindowsStandalone target not found
Native extension for WebGL target not found
Refreshing native plugins compatible for Editor in 0.57 ms, found 1 plugins.
Preloading 0 native plugins for Editor in 0.00 ms.
Mono: successfully reloaded assembly
- Completed reload, in  2.032 seconds
Platform modules already initialized, skipping
Refreshing native plugins compatible for Editor in 0.57 ms, found 1 plugins.
Preloading 0 native plugins for Editor in 0.00 ms.
Unloading 1825 Unused Serialized files (Serialized files now loaded: 0)
System memory in use before: 89.4 MB.
System memory in use after: 89.3 MB.

Unloading 12 unused Assets to reduce memory usage. Loaded Objects now: 2455.
Total: 4.075200 ms (FindLiveObjects: 0.323500 ms CreateObjectMapping: 0.140700 ms MarkObjects: 3.427600 ms  DeleteObjects: 0.181400 ms)

========================================================================
Received Prepare
Registering precompiled user dll's ...
Registered in 0.001746 seconds.
Begin MonoManager ReloadAssembly
Native extension for WindowsStandalone target not found
Native extension for WebGL target not found
Refreshing native plugins compatible for Editor in 0.61 ms, found 1 plugins.
Preloading 0 native plugins for Editor in 0.00 ms.
Mono: successfully reloaded assembly
- Completed reload, in  2.092 seconds
Platform modules already initialized, skipping
Refreshing native plugins compatible for Editor in 0.63 ms, found 1 plugins.
Preloading 0 native plugins for Editor in 0.00 ms.
Unloading 1825 Unused Serialized files (Serialized files now loaded: 0)
System memory in use before: 89.4 MB.
System memory in use after: 89.3 MB.

Unloading 12 unused Assets to reduce memory usage. Loaded Objects now: 2459.
Total: 5.290400 ms (FindLiveObjects: 0.327300 ms CreateObjectMapping: 0.152100 ms MarkObjects: 4.583800 ms  DeleteObjects: 0.225100 ms)

========================================================================
Received Prepare
Registering precompiled user dll's ...
Registered in 0.002063 seconds.
Begin MonoManager ReloadAssembly
Native extension for WindowsStandalone target not found
Native extension for WebGL target not found
Refreshing native plugins compatible for Editor in 0.57 ms, found 1 plugins.
Preloading 0 native plugins for Editor in 0.00 ms.
Mono: successfully reloaded assembly
- Completed reload, in  2.165 seconds
Platform modules already initialized, skipping
Refreshing native plugins compatible for Editor in 0.56 ms, found 1 plugins.
Preloading 0 native plugins for Editor in 0.00 ms.
Unloading 1825 Unused Serialized files (Serialized files now loaded: 0)
System memory in use before: 89.4 MB.
System memory in use after: 89.3 MB.

Unloading 12 unused Assets to reduce memory usage. Loaded Objects now: 2463.
Total: 3.639700 ms (FindLiveObjects: 0.284800 ms CreateObjectMapping: 0.131900 ms MarkObjects: 3.040600 ms  DeleteObjects: 0.180700 ms)

========================================================================
Received Import Request.
  Time since last request: 318.294551 seconds.
  path: Assets/Scenes/Level3.unity
  artifactKey: Guid(948c0c52fb45d7f4597a10bbb3835720) Importer(815301076,1909f56bfc062723c751e8b465ee728b)
Start importing Assets/Scenes/Level3.unity using Guid(948c0c52fb45d7f4597a10bbb3835720) Importer(815301076,1909f56bfc062723c751e8b465ee728b)  -> (artifact id: '41f6fea0af358fbcca4b4e9fd45437f4') in 0.037474 seconds
  Import took 0.047187 seconds .

========================================================================
Received Import Request.
  Time since last request: 25.308103 seconds.
  path: Assets/Scenes/Level1.unity
  artifactKey: Guid(2cda990e2423bbf4892e6590ba056729) Importer(815301076,1909f56bfc062723c751e8b465ee728b)
Start importing Assets/Scenes/Level1.unity using Guid(2cda990e2423bbf4892e6590ba056729) Importer(815301076,1909f56bfc062723c751e8b465ee728b)  -> (artifact id: 'cdd44372584186f897fad24c6f7b6108') in 0.022777 seconds
  Import took 0.031436 seconds .

========================================================================
Received Prepare
Registering precompiled user dll's ...
Registered in 0.001732 seconds.
Begin MonoManager ReloadAssembly
Native extension for WindowsStandalone target not found
Native extension for WebGL target not found
Refreshing native plugins compatible for Editor in 0.59 ms, found 1 plugins.
Preloading 0 native plugins for Editor in 0.00 ms.
Mono: successfully reloaded assembly
- Completed reload, in  2.058 seconds
Platform modules already initialized, skipping
Refreshing native plugins compatible for Editor in 0.58 ms, found 1 plugins.
Preloading 0 native plugins for Editor in 0.00 ms.
Unloading 1825 Unused Serialized files (Serialized files now loaded: 0)
System memory in use before: 89.4 MB.
System memory in use after: 89.4 MB.

Unloading 12 unused Assets to reduce memory usage. Loaded Objects now: 2467.
Total: 3.796600 ms (FindLiveObjects: 0.337600 ms CreateObjectMapping: 0.137100 ms MarkObjects: 3.132500 ms  DeleteObjects: 0.187500 ms)

========================================================================
Received Prepare
Registering precompiled user dll's ...
Registered in 0.002084 seconds.
Begin MonoManager ReloadAssembly
Native extension for WindowsStandalone target not found
Native extension for WebGL target not found
Refreshing native plugins compatible for Editor in 0.59 ms, found 1 plugins.
Preloading 0 native plugins for Editor in 0.00 ms.
Mono: successfully reloaded assembly
- Completed reload, in  2.049 seconds
Platform modules already initialized, skipping
Refreshing native plugins compatible for Editor in 0.55 ms, found 1 plugins.
Preloading 0 native plugins for Editor in 0.00 ms.
Unloading 1825 Unused Serialized files (Serialized files now loaded: 0)
System memory in use before: 89.4 MB.
System memory in use after: 89.4 MB.

Unloading 12 unused Assets to reduce memory usage. Loaded Objects now: 2471.
Total: 3.677500 ms (FindLiveObjects: 0.278600 ms CreateObjectMapping: 0.122400 ms MarkObjects: 3.096100 ms  DeleteObjects: 0.178500 ms)

========================================================================
Received Prepare
Refreshing native plugins compatible for Editor in 2.87 ms, found 1 plugins.
Preloading 0 native plugins for Editor in 0.00 ms.
Unloading 10 Unused Serialized files (Serialized files now loaded: 0)
System memory in use before: 53.5 MB.
System memory in use after: 53.5 MB.

Unloading 10 unused Assets to reduce memory usage. Loaded Objects now: 2471.
Total: 4.989600 ms (FindLiveObjects: 0.273000 ms CreateObjectMapping: 0.126300 ms MarkObjects: 4.398600 ms  DeleteObjects: 0.190100 ms)

AssetImportWorkerClient::OnTransportError - code=2 error=End of file
